<?xml version="1.0" encoding="UTF-8"?>
<testng-results ignored="0" total="2" passed="2" failed="0" skipped="0">
  <reporter-output>
  </reporter-output>
  <suite started-at="2024-09-10T14:48:40 IST" name="Suite" finished-at="2024-09-10T14:48:54 IST" duration-ms="13441">
    <groups>
    </groups>
    <test started-at="2024-09-10T14:48:40 IST" name="Test" finished-at="2024-09-10T14:48:54 IST" duration-ms="13441">
      <class name="testcases.LoginTest">
        <test-method is-config="true" signature="setup()[pri:0, instance:testcases.LoginTest@7c137fd5]" started-at="2024-09-10T14:48:41 IST" name="setup" finished-at="2024-09-10T14:48:45 IST" duration-ms="4040" status="PASS">
          <reporter-output>
          </reporter-output>
        </test-method> <!-- setup -->
        <test-method signature="login(java.lang.String,java.lang.String)[pri:0, instance:testcases.LoginTest@7c137fd5]" started-at="2024-09-10T14:48:45 IST" name="login" data-provider="LoginDataSet" finished-at="2024-09-10T14:48:48 IST" duration-ms="3128" status="PASS">
          <params>
            <param index="0">
              <value>
                <![CDATA[ineuron@ineuron.ai]]>
              </value>
            </param>
            <param index="1">
              <value>
                <![CDATA[ineuron]]>
              </value>
            </param>
          </params>
          <reporter-output>
          </reporter-output>
        </test-method> <!-- login -->
        <test-method is-config="true" signature="teardown()[pri:0, instance:testcases.LoginTest@7c137fd5]" started-at="2024-09-10T14:48:48 IST" name="teardown" finished-at="2024-09-10T14:48:48 IST" duration-ms="148" status="PASS">
          <reporter-output>
          </reporter-output>
        </test-method> <!-- teardown -->
        <test-method is-config="true" signature="setup()[pri:0, instance:testcases.LoginTest@7c137fd5]" started-at="2024-09-10T14:48:48 IST" name="setup" finished-at="2024-09-10T14:48:50 IST" duration-ms="1650" status="PASS">
          <reporter-output>
          </reporter-output>
        </test-method> <!-- setup -->
        <test-method signature="login(java.lang.String,java.lang.String)[pri:0, instance:testcases.LoginTest@7c137fd5]" started-at="2024-09-10T14:48:50 IST" name="login" data-provider="LoginDataSet" finished-at="2024-09-10T14:48:54 IST" duration-ms="3559" status="PASS">
          <params>
            <param index="0">
              <value>
                <![CDATA[jayanth@gmail.com]]>
              </value>
            </param>
            <param index="1">
              <value>
                <![CDATA[jayanth]]>
              </value>
            </param>
          </params>
          <reporter-output>
          </reporter-output>
        </test-method> <!-- login -->
        <test-method is-config="true" signature="teardown()[pri:0, instance:testcases.LoginTest@7c137fd5]" started-at="2024-09-10T14:48:54 IST" name="teardown" finished-at="2024-09-10T14:48:54 IST" duration-ms="140" status="PASS">
          <reporter-output>
          </reporter-output>
        </test-method> <!-- teardown -->
      </class> <!-- testcases.LoginTest -->
    </test> <!-- Test -->
  </suite> <!-- Suite -->
</testng-results>
