<?xml version="1.0" encoding="UTF-8"?>
<testng-results ignored="0" total="2" passed="2" failed="0" skipped="0">
  <reporter-output>
  </reporter-output>
  <suite started-at="2024-09-18T19:39:53 IST" name="Suite" finished-at="2024-09-18T19:40:04 IST" duration-ms="10092">
    <groups>
    </groups>
    <test started-at="2024-09-18T19:39:53 IST" name="Test" finished-at="2024-09-18T19:40:04 IST" duration-ms="10092">
      <class name="testcases.LoginTest">
        <test-method is-config="true" signature="setup()[pri:0, instance:testcases.LoginTest@7ce69770]" started-at="2024-09-18T19:39:54 IST" name="setup" finished-at="2024-09-18T19:39:56 IST" duration-ms="1916" status="PASS">
          <reporter-output>
          </reporter-output>
        </test-method> <!-- setup -->
        <test-method signature="login(java.lang.String,java.lang.String)[pri:0, instance:testcases.LoginTest@7ce69770]" started-at="2024-09-18T19:39:56 IST" name="login" data-provider="LoginDataSet" finished-at="2024-09-18T19:39:59 IST" duration-ms="2995" status="PASS">
          <params>
            <param index="0">
              <value>
                <![CDATA[ineuron@ineuron.ai]]>
              </value>
            </param>
            <param index="1">
              <value>
                <![CDATA[ineuron]]>
              </value>
            </param>
          </params>
          <reporter-output>
          </reporter-output>
        </test-method> <!-- login -->
        <test-method is-config="true" signature="teardown()[pri:0, instance:testcases.LoginTest@7ce69770]" started-at="2024-09-18T19:39:59 IST" name="teardown" finished-at="2024-09-18T19:39:59 IST" duration-ms="103" status="PASS">
          <reporter-output>
          </reporter-output>
        </test-method> <!-- teardown -->
        <test-method is-config="true" signature="setup()[pri:0, instance:testcases.LoginTest@7ce69770]" started-at="2024-09-18T19:39:59 IST" name="setup" finished-at="2024-09-18T19:40:01 IST" duration-ms="1531" status="PASS">
          <reporter-output>
          </reporter-output>
        </test-method> <!-- setup -->
        <test-method signature="login(java.lang.String,java.lang.String)[pri:0, instance:testcases.LoginTest@7ce69770]" started-at="2024-09-18T19:40:01 IST" name="login" data-provider="LoginDataSet" finished-at="2024-09-18T19:40:03 IST" duration-ms="2847" status="PASS">
          <params>
            <param index="0">
              <value>
                <![CDATA[jayanth@gmail.com]]>
              </value>
            </param>
            <param index="1">
              <value>
                <![CDATA[jayanth]]>
              </value>
            </param>
          </params>
          <reporter-output>
          </reporter-output>
        </test-method> <!-- login -->
        <test-method is-config="true" signature="teardown()[pri:0, instance:testcases.LoginTest@7ce69770]" started-at="2024-09-18T19:40:03 IST" name="teardown" finished-at="2024-09-18T19:40:04 IST" duration-ms="99" status="PASS">
          <reporter-output>
          </reporter-output>
        </test-method> <!-- teardown -->
      </class> <!-- testcases.LoginTest -->
    </test> <!-- Test -->
  </suite> <!-- Suite -->
</testng-results>
