<?xml version="1.0" encoding="UTF-8"?>
<testng-results ignored="0" total="2" passed="2" failed="0" skipped="0">
  <reporter-output>
  </reporter-output>
  <suite started-at="2024-09-08T17:47:36 IST" name="Suite" finished-at="2024-09-08T17:47:48 IST" duration-ms="12318">
    <groups>
    </groups>
    <test started-at="2024-09-08T17:47:36 IST" name="Test" finished-at="2024-09-08T17:47:48 IST" duration-ms="12318">
      <class name="testcases.LoginTest">
        <test-method is-config="true" signature="setup()[pri:0, instance:testcases.LoginTest@673fdbce]" started-at="2024-09-08T17:47:36 IST" name="setup" finished-at="2024-09-08T17:47:39 IST" duration-ms="2487" status="PASS">
          <reporter-output>
          </reporter-output>
        </test-method> <!-- setup -->
        <test-method signature="login(java.lang.String,java.lang.String)[pri:0, instance:testcases.LoginTest@673fdbce]" started-at="2024-09-08T17:47:39 IST" name="login" data-provider="LoginDataSet" finished-at="2024-09-08T17:47:42 IST" duration-ms="3371" status="PASS">
          <params>
            <param index="0">
              <value>
                <![CDATA[ineuron@ineuron.ai]]>
              </value>
            </param>
            <param index="1">
              <value>
                <![CDATA[ineuron]]>
              </value>
            </param>
          </params>
          <reporter-output>
          </reporter-output>
        </test-method> <!-- login -->
        <test-method is-config="true" signature="teardown()[pri:0, instance:testcases.LoginTest@673fdbce]" started-at="2024-09-08T17:47:42 IST" name="teardown" finished-at="2024-09-08T17:47:43 IST" duration-ms="187" status="PASS">
          <reporter-output>
          </reporter-output>
        </test-method> <!-- teardown -->
        <test-method is-config="true" signature="setup()[pri:0, instance:testcases.LoginTest@673fdbce]" started-at="2024-09-08T17:47:43 IST" name="setup" finished-at="2024-09-08T17:47:44 IST" duration-ms="1834" status="PASS">
          <reporter-output>
          </reporter-output>
        </test-method> <!-- setup -->
        <test-method signature="login(java.lang.String,java.lang.String)[pri:0, instance:testcases.LoginTest@673fdbce]" started-at="2024-09-08T17:47:44 IST" name="login" data-provider="LoginDataSet" finished-at="2024-09-08T17:47:48 IST" duration-ms="3190" status="PASS">
          <params>
            <param index="0">
              <value>
                <![CDATA[jayanth@gmail.com]]>
              </value>
            </param>
            <param index="1">
              <value>
                <![CDATA[jayanth]]>
              </value>
            </param>
          </params>
          <reporter-output>
          </reporter-output>
        </test-method> <!-- login -->
        <test-method is-config="true" signature="teardown()[pri:0, instance:testcases.LoginTest@673fdbce]" started-at="2024-09-08T17:47:48 IST" name="teardown" finished-at="2024-09-08T17:47:48 IST" duration-ms="180" status="PASS">
          <reporter-output>
          </reporter-output>
        </test-method> <!-- teardown -->
      </class> <!-- testcases.LoginTest -->
    </test> <!-- Test -->
  </suite> <!-- Suite -->
</testng-results>
